{"/Users/edith.mejia/Documents/WZL/Apprenticeship/Projects/react-apprenticeship-capstone1/src/GlobalStyles.js": {"path":"/Users/edith.mejia/Documents/WZL/Apprenticeship/Projects/react-apprenticeship-capstone1/src/GlobalStyles.js","statementMap":{"0":{"start":{"line":3,"column":21},"end":{"line":28,"column":1}},"1":{"start":{"line":32,"column":25},"end":{"line":50,"column":1}},"2":{"start":{"line":52,"column":22},"end":{"line":78,"column":1}},"3":{"start":{"line":53,"column":39},"end":{"line":53,"column":66}},"4":{"start":{"line":54,"column":40},"end":{"line":54,"column":65}},"5":{"start":{"line":55,"column":29},"end":{"line":55,"column":54}},"6":{"start":{"line":56,"column":27},"end":{"line":56,"column":58}},"7":{"start":{"line":57,"column":33},"end":{"line":57,"column":58}},"8":{"start":{"line":63,"column":42},"end":{"line":63,"column":67}},"9":{"start":{"line":72,"column":29},"end":{"line":72,"column":60}},"10":{"start":{"line":75,"column":29},"end":{"line":75,"column":60}},"11":{"start":{"line":76,"column":35},"end":{"line":76,"column":60}},"12":{"start":{"line":80,"column":29},"end":{"line":116,"column":1}},"13":{"start":{"line":81,"column":39},"end":{"line":81,"column":66}},"14":{"start":{"line":85,"column":27},"end":{"line":85,"column":58}},"15":{"start":{"line":86,"column":33},"end":{"line":86,"column":58}},"16":{"start":{"line":99,"column":41},"end":{"line":99,"column":68}},"17":{"start":{"line":100,"column":29},"end":{"line":100,"column":58}},"18":{"start":{"line":101,"column":35},"end":{"line":101,"column":60}}},"fnMap":{"0":{"name":"(anonymous_0)","decl":{"start":{"line":53,"column":19},"end":{"line":53,"column":20}},"loc":{"start":{"line":53,"column":39},"end":{"line":53,"column":66}},"line":53},"1":{"name":"(anonymous_1)","decl":{"start":{"line":54,"column":22},"end":{"line":54,"column":23}},"loc":{"start":{"line":54,"column":40},"end":{"line":54,"column":65}},"line":54},"2":{"name":"(anonymous_2)","decl":{"start":{"line":55,"column":11},"end":{"line":55,"column":12}},"loc":{"start":{"line":55,"column":29},"end":{"line":55,"column":54}},"line":55},"3":{"name":"(anonymous_3)","decl":{"start":{"line":56,"column":13},"end":{"line":56,"column":14}},"loc":{"start":{"line":56,"column":27},"end":{"line":56,"column":58}},"line":56},"4":{"name":"(anonymous_4)","decl":{"start":{"line":57,"column":15},"end":{"line":57,"column":16}},"loc":{"start":{"line":57,"column":33},"end":{"line":57,"column":58}},"line":57},"5":{"name":"(anonymous_5)","decl":{"start":{"line":63,"column":24},"end":{"line":63,"column":25}},"loc":{"start":{"line":63,"column":42},"end":{"line":63,"column":67}},"line":63},"6":{"name":"(anonymous_6)","decl":{"start":{"line":72,"column":15},"end":{"line":72,"column":16}},"loc":{"start":{"line":72,"column":29},"end":{"line":72,"column":60}},"line":72},"7":{"name":"(anonymous_7)","decl":{"start":{"line":75,"column":15},"end":{"line":75,"column":16}},"loc":{"start":{"line":75,"column":29},"end":{"line":75,"column":60}},"line":75},"8":{"name":"(anonymous_8)","decl":{"start":{"line":76,"column":17},"end":{"line":76,"column":18}},"loc":{"start":{"line":76,"column":35},"end":{"line":76,"column":60}},"line":76},"9":{"name":"(anonymous_9)","decl":{"start":{"line":81,"column":19},"end":{"line":81,"column":20}},"loc":{"start":{"line":81,"column":39},"end":{"line":81,"column":66}},"line":81},"10":{"name":"(anonymous_10)","decl":{"start":{"line":85,"column":13},"end":{"line":85,"column":14}},"loc":{"start":{"line":85,"column":27},"end":{"line":85,"column":58}},"line":85},"11":{"name":"(anonymous_11)","decl":{"start":{"line":86,"column":15},"end":{"line":86,"column":16}},"loc":{"start":{"line":86,"column":33},"end":{"line":86,"column":58}},"line":86},"12":{"name":"(anonymous_12)","decl":{"start":{"line":99,"column":21},"end":{"line":99,"column":22}},"loc":{"start":{"line":99,"column":41},"end":{"line":99,"column":68}},"line":99},"13":{"name":"(anonymous_13)","decl":{"start":{"line":100,"column":15},"end":{"line":100,"column":16}},"loc":{"start":{"line":100,"column":29},"end":{"line":100,"column":58}},"line":100},"14":{"name":"(anonymous_14)","decl":{"start":{"line":101,"column":17},"end":{"line":101,"column":18}},"loc":{"start":{"line":101,"column":35},"end":{"line":101,"column":60}},"line":101}},"branchMap":{"0":{"loc":{"start":{"line":53,"column":39},"end":{"line":53,"column":66}},"type":"cond-expr","locations":[{"start":{"line":53,"column":51},"end":{"line":53,"column":57}},{"start":{"line":53,"column":60},"end":{"line":53,"column":66}}],"line":53},"1":{"loc":{"start":{"line":54,"column":40},"end":{"line":54,"column":65}},"type":"cond-expr","locations":[{"start":{"line":54,"column":50},"end":{"line":54,"column":56}},{"start":{"line":54,"column":59},"end":{"line":54,"column":65}}],"line":54},"2":{"loc":{"start":{"line":55,"column":29},"end":{"line":55,"column":54}},"type":"cond-expr","locations":[{"start":{"line":55,"column":39},"end":{"line":55,"column":45}},{"start":{"line":55,"column":48},"end":{"line":55,"column":54}}],"line":55},"3":{"loc":{"start":{"line":56,"column":27},"end":{"line":56,"column":58}},"type":"cond-expr","locations":[{"start":{"line":56,"column":33},"end":{"line":56,"column":44}},{"start":{"line":56,"column":47},"end":{"line":56,"column":58}}],"line":56},"4":{"loc":{"start":{"line":57,"column":33},"end":{"line":57,"column":58}},"type":"cond-expr","locations":[{"start":{"line":57,"column":43},"end":{"line":57,"column":49}},{"start":{"line":57,"column":52},"end":{"line":57,"column":58}}],"line":57},"5":{"loc":{"start":{"line":63,"column":42},"end":{"line":63,"column":67}},"type":"cond-expr","locations":[{"start":{"line":63,"column":52},"end":{"line":63,"column":58}},{"start":{"line":63,"column":61},"end":{"line":63,"column":67}}],"line":63},"6":{"loc":{"start":{"line":72,"column":29},"end":{"line":72,"column":60}},"type":"cond-expr","locations":[{"start":{"line":72,"column":35},"end":{"line":72,"column":46}},{"start":{"line":72,"column":49},"end":{"line":72,"column":60}}],"line":72},"7":{"loc":{"start":{"line":75,"column":29},"end":{"line":75,"column":60}},"type":"cond-expr","locations":[{"start":{"line":75,"column":35},"end":{"line":75,"column":46}},{"start":{"line":75,"column":49},"end":{"line":75,"column":60}}],"line":75},"8":{"loc":{"start":{"line":76,"column":35},"end":{"line":76,"column":60}},"type":"cond-expr","locations":[{"start":{"line":76,"column":45},"end":{"line":76,"column":51}},{"start":{"line":76,"column":54},"end":{"line":76,"column":60}}],"line":76},"9":{"loc":{"start":{"line":81,"column":39},"end":{"line":81,"column":66}},"type":"cond-expr","locations":[{"start":{"line":81,"column":51},"end":{"line":81,"column":57}},{"start":{"line":81,"column":60},"end":{"line":81,"column":66}}],"line":81},"10":{"loc":{"start":{"line":85,"column":27},"end":{"line":85,"column":58}},"type":"cond-expr","locations":[{"start":{"line":85,"column":33},"end":{"line":85,"column":44}},{"start":{"line":85,"column":47},"end":{"line":85,"column":58}}],"line":85},"11":{"loc":{"start":{"line":86,"column":33},"end":{"line":86,"column":58}},"type":"cond-expr","locations":[{"start":{"line":86,"column":43},"end":{"line":86,"column":49}},{"start":{"line":86,"column":52},"end":{"line":86,"column":58}}],"line":86},"12":{"loc":{"start":{"line":99,"column":41},"end":{"line":99,"column":68}},"type":"cond-expr","locations":[{"start":{"line":99,"column":53},"end":{"line":99,"column":59}},{"start":{"line":99,"column":62},"end":{"line":99,"column":68}}],"line":99},"13":{"loc":{"start":{"line":100,"column":29},"end":{"line":100,"column":58}},"type":"cond-expr","locations":[{"start":{"line":100,"column":35},"end":{"line":100,"column":45}},{"start":{"line":100,"column":48},"end":{"line":100,"column":58}}],"line":100},"14":{"loc":{"start":{"line":101,"column":35},"end":{"line":101,"column":60}},"type":"cond-expr","locations":[{"start":{"line":101,"column":45},"end":{"line":101,"column":51}},{"start":{"line":101,"column":54},"end":{"line":101,"column":60}}],"line":101}},"s":{"0":1,"1":1,"2":1,"3":2,"4":2,"5":2,"6":2,"7":2,"8":2,"9":2,"10":2,"11":2,"12":1,"13":0,"14":0,"15":0,"16":0,"17":0,"18":0},"f":{"0":2,"1":2,"2":2,"3":2,"4":2,"5":2,"6":2,"7":2,"8":2,"9":0,"10":0,"11":0,"12":0,"13":0,"14":0},"b":{"0":[0,2],"1":[2,0],"2":[2,0],"3":[0,2],"4":[0,2],"5":[2,0],"6":[0,2],"7":[0,2],"8":[0,2],"9":[0,0],"10":[0,0],"11":[0,0],"12":[0,0],"13":[0,0],"14":[0,0]},"_coverageSchema":"43e27e138ebf9cfc5966b082cf9a028302ed4184","hash":"86bb4065fdf760594fed32e1cb964d9115253c9c"}
,"/Users/edith.mejia/Documents/WZL/Apprenticeship/Projects/react-apprenticeship-capstone1/src/index.js": {"path":"/Users/edith.mejia/Documents/WZL/Apprenticeship/Projects/react-apprenticeship-capstone1/src/index.js","statementMap":{"0":{"start":{"line":7,"column":0},"end":{"line":12,"column":2}}},"fnMap":{},"branchMap":{},"s":{"0":0},"f":{},"b":{},"hash":"e688f573e7370266c69802c2da123b619e16e730"}
,"/Users/edith.mejia/Documents/WZL/Apprenticeship/Projects/react-apprenticeship-capstone1/src/components/App/App.component.jsx": {"path":"/Users/edith.mejia/Documents/WZL/Apprenticeship/Projects/react-apprenticeship-capstone1/src/components/App/App.component.jsx","statementMap":{"0":{"start":{"line":11,"column":12},"end":{"line":32,"column":1}},"1":{"start":{"line":12,"column":2},"end":{"line":31,"column":4}}},"fnMap":{"0":{"name":"(anonymous_0)","decl":{"start":{"line":11,"column":12},"end":{"line":11,"column":13}},"loc":{"start":{"line":11,"column":18},"end":{"line":32,"column":1}},"line":11}},"branchMap":{},"s":{"0":0,"1":0},"f":{"0":0},"b":{},"hash":"1d0c4dd39c50513aa72048c75bd405aa6175fe89"}
,"/Users/edith.mejia/Documents/WZL/Apprenticeship/Projects/react-apprenticeship-capstone1/src/components/App/index.js": {"path":"/Users/edith.mejia/Documents/WZL/Apprenticeship/Projects/react-apprenticeship-capstone1/src/components/App/index.js","statementMap":{},"fnMap":{},"branchMap":{},"s":{},"f":{},"b":{},"hash":"f88106b2d45e5a66e7a7df57a0dcb423384870fd"}
,"/Users/edith.mejia/Documents/WZL/Apprenticeship/Projects/react-apprenticeship-capstone1/src/components/FavButton/FavButton.component.js": {"path":"/Users/edith.mejia/Documents/WZL/Apprenticeship/Projects/react-apprenticeship-capstone1/src/components/FavButton/FavButton.component.js","statementMap":{"0":{"start":{"line":4,"column":18},"end":{"line":6,"column":1}},"1":{"start":{"line":5,"column":2},"end":{"line":5,"column":45}}},"fnMap":{"0":{"name":"(anonymous_0)","decl":{"start":{"line":4,"column":18},"end":{"line":4,"column":19}},"loc":{"start":{"line":4,"column":24},"end":{"line":6,"column":1}},"line":4}},"branchMap":{},"s":{"0":1,"1":0},"f":{"0":0},"b":{},"_coverageSchema":"43e27e138ebf9cfc5966b082cf9a028302ed4184","hash":"7c99da4ffb86e3e73199b3edafa8a41d53c2589d"}
,"/Users/edith.mejia/Documents/WZL/Apprenticeship/Projects/react-apprenticeship-capstone1/src/components/FavButton/FavButton.styles.js": {"path":"/Users/edith.mejia/Documents/WZL/Apprenticeship/Projects/react-apprenticeship-capstone1/src/components/FavButton/FavButton.styles.js","statementMap":{},"fnMap":{},"branchMap":{},"s":{},"f":{},"b":{},"hash":"468d2aad94d12c468d005bfa9bc7a968e1b47063"}
,"/Users/edith.mejia/Documents/WZL/Apprenticeship/Projects/react-apprenticeship-capstone1/src/components/FavButton/index.js": {"path":"/Users/edith.mejia/Documents/WZL/Apprenticeship/Projects/react-apprenticeship-capstone1/src/components/FavButton/index.js","statementMap":{},"fnMap":{},"branchMap":{},"s":{},"f":{},"b":{},"_coverageSchema":"43e27e138ebf9cfc5966b082cf9a028302ed4184","hash":"ce8f41ce601adf4e9c8fbbf120bf6dad1d6de2f0"}
,"/Users/edith.mejia/Documents/WZL/Apprenticeship/Projects/react-apprenticeship-capstone1/src/components/Layout/Navbar/Navbar.component.js": {"path":"/Users/edith.mejia/Documents/WZL/Apprenticeship/Projects/react-apprenticeship-capstone1/src/components/Layout/Navbar/Navbar.component.js","statementMap":{"0":{"start":{"line":20,"column":15},"end":{"line":64,"column":1}},"1":{"start":{"line":22,"column":30},"end":{"line":22,"column":40}},"2":{"start":{"line":25,"column":28},"end":{"line":25,"column":43}},"3":{"start":{"line":29,"column":22},"end":{"line":29,"column":44}},"4":{"start":{"line":29,"column":28},"end":{"line":29,"column":44}},"5":{"start":{"line":31,"column":2},"end":{"line":63,"column":4}}},"fnMap":{"0":{"name":"(anonymous_0)","decl":{"start":{"line":20,"column":15},"end":{"line":20,"column":16}},"loc":{"start":{"line":20,"column":21},"end":{"line":64,"column":1}},"line":20},"1":{"name":"(anonymous_1)","decl":{"start":{"line":29,"column":22},"end":{"line":29,"column":23}},"loc":{"start":{"line":29,"column":28},"end":{"line":29,"column":44}},"line":29}},"branchMap":{"0":{"loc":{"start":{"line":40,"column":13},"end":{"line":40,"column":41}},"type":"cond-expr","locations":[{"start":{"line":40,"column":21},"end":{"line":40,"column":28}},{"start":{"line":40,"column":31},"end":{"line":40,"column":41}}],"line":40},"1":{"loc":{"start":{"line":44,"column":13},"end":{"line":48,"column":13}},"type":"binary-expr","locations":[{"start":{"line":44,"column":13},"end":{"line":44,"column":28}},{"start":{"line":45,"column":14},"end":{"line":47,"column":25}}],"line":44},"2":{"loc":{"start":{"line":57,"column":15},"end":{"line":57,"column":67}},"type":"cond-expr","locations":[{"start":{"line":57,"column":33},"end":{"line":57,"column":49}},{"start":{"line":57,"column":52},"end":{"line":57,"column":67}}],"line":57}},"s":{"0":1,"1":1,"2":1,"3":1,"4":0,"5":1},"f":{"0":1,"1":0},"b":{"0":[0,1],"1":[1,0],"2":[0,1]},"_coverageSchema":"43e27e138ebf9cfc5966b082cf9a028302ed4184","hash":"071e0a4d79b364f585b3a581d0e6944fb5ab6b98"}
,"/Users/edith.mejia/Documents/WZL/Apprenticeship/Projects/react-apprenticeship-capstone1/src/components/Layout/Navbar/Navbar.styles.js": {"path":"/Users/edith.mejia/Documents/WZL/Apprenticeship/Projects/react-apprenticeship-capstone1/src/components/Layout/Navbar/Navbar.styles.js","statementMap":{"0":{"start":{"line":7,"column":19},"end":{"line":19,"column":1}},"1":{"start":{"line":21,"column":31},"end":{"line":27,"column":1}},"2":{"start":{"line":29,"column":23},"end":{"line":41,"column":1}},"3":{"start":{"line":43,"column":23},"end":{"line":50,"column":1}},"4":{"start":{"line":52,"column":24},"end":{"line":64,"column":1}},"5":{"start":{"line":66,"column":20},"end":{"line":82,"column":1}},"6":{"start":{"line":78,"column":28},"end":{"line":78,"column":49}},"7":{"start":{"line":84,"column":24},"end":{"line":94,"column":1}},"8":{"start":{"line":96,"column":24},"end":{"line":123,"column":1}},"9":{"start":{"line":125,"column":27},"end":{"line":134,"column":1}},"10":{"start":{"line":136,"column":27},"end":{"line":151,"column":1}}},"fnMap":{"0":{"name":"(anonymous_0)","decl":{"start":{"line":78,"column":12},"end":{"line":78,"column":13}},"loc":{"start":{"line":78,"column":28},"end":{"line":78,"column":49}},"line":78}},"branchMap":{"0":{"loc":{"start":{"line":78,"column":28},"end":{"line":78,"column":49}},"type":"cond-expr","locations":[{"start":{"line":78,"column":36},"end":{"line":78,"column":39}},{"start":{"line":78,"column":42},"end":{"line":78,"column":49}}],"line":78}},"s":{"0":1,"1":1,"2":1,"3":1,"4":1,"5":1,"6":1,"7":1,"8":1,"9":1,"10":1},"f":{"0":1},"b":{"0":[0,1]},"_coverageSchema":"43e27e138ebf9cfc5966b082cf9a028302ed4184","hash":"583026c797efc01a61a4ef475bfc6de80e100f0a"}
,"/Users/edith.mejia/Documents/WZL/Apprenticeship/Projects/react-apprenticeship-capstone1/src/components/Layout/Navbar/index.js": {"path":"/Users/edith.mejia/Documents/WZL/Apprenticeship/Projects/react-apprenticeship-capstone1/src/components/Layout/Navbar/index.js","statementMap":{},"fnMap":{},"branchMap":{},"s":{},"f":{},"b":{},"hash":"27bd90e460d0088822657860d462b36a3767ed0f"}
,"/Users/edith.mejia/Documents/WZL/Apprenticeship/Projects/react-apprenticeship-capstone1/src/components/LoginButton/LoginButton.component.js": {"path":"/Users/edith.mejia/Documents/WZL/Apprenticeship/Projects/react-apprenticeship-capstone1/src/components/LoginButton/LoginButton.component.js","statementMap":{"0":{"start":{"line":6,"column":20},"end":{"line":14,"column":1}},"1":{"start":{"line":8,"column":32},"end":{"line":8,"column":42}},"2":{"start":{"line":9,"column":2},"end":{"line":13,"column":4}},"3":{"start":{"line":10,"column":35},"end":{"line":10,"column":54}}},"fnMap":{"0":{"name":"(anonymous_0)","decl":{"start":{"line":6,"column":20},"end":{"line":6,"column":21}},"loc":{"start":{"line":6,"column":26},"end":{"line":14,"column":1}},"line":6},"1":{"name":"(anonymous_1)","decl":{"start":{"line":10,"column":29},"end":{"line":10,"column":30}},"loc":{"start":{"line":10,"column":35},"end":{"line":10,"column":54}},"line":10}},"branchMap":{},"s":{"0":1,"1":1,"2":1,"3":0},"f":{"0":1,"1":0},"b":{},"_coverageSchema":"43e27e138ebf9cfc5966b082cf9a028302ed4184","hash":"6bc9a6c1f2c919ca81df9806d5941bce08a88339"}
,"/Users/edith.mejia/Documents/WZL/Apprenticeship/Projects/react-apprenticeship-capstone1/src/components/LoginButton/index.js": {"path":"/Users/edith.mejia/Documents/WZL/Apprenticeship/Projects/react-apprenticeship-capstone1/src/components/LoginButton/index.js","statementMap":{},"fnMap":{},"branchMap":{},"s":{},"f":{},"b":{},"_coverageSchema":"43e27e138ebf9cfc5966b082cf9a028302ed4184","hash":"6f8e7937df00445b50d6f41833c810f6c7633ee3"}
,"/Users/edith.mejia/Documents/WZL/Apprenticeship/Projects/react-apprenticeship-capstone1/src/components/LogoutButton/LogoutButton.component.js": {"path":"/Users/edith.mejia/Documents/WZL/Apprenticeship/Projects/react-apprenticeship-capstone1/src/components/LogoutButton/LogoutButton.component.js","statementMap":{"0":{"start":{"line":6,"column":21},"end":{"line":14,"column":1}},"1":{"start":{"line":8,"column":21},"end":{"line":8,"column":31}},"2":{"start":{"line":9,"column":2},"end":{"line":13,"column":4}},"3":{"start":{"line":10,"column":35},"end":{"line":10,"column":43}}},"fnMap":{"0":{"name":"(anonymous_0)","decl":{"start":{"line":6,"column":21},"end":{"line":6,"column":22}},"loc":{"start":{"line":6,"column":27},"end":{"line":14,"column":1}},"line":6},"1":{"name":"(anonymous_1)","decl":{"start":{"line":10,"column":29},"end":{"line":10,"column":30}},"loc":{"start":{"line":10,"column":35},"end":{"line":10,"column":43}},"line":10}},"branchMap":{},"s":{"0":1,"1":0,"2":0,"3":0},"f":{"0":0,"1":0},"b":{},"_coverageSchema":"43e27e138ebf9cfc5966b082cf9a028302ed4184","hash":"4aa8026d643125f099a336231ef824c59ae8e2e7"}
,"/Users/edith.mejia/Documents/WZL/Apprenticeship/Projects/react-apprenticeship-capstone1/src/components/LogoutButton/index.js": {"path":"/Users/edith.mejia/Documents/WZL/Apprenticeship/Projects/react-apprenticeship-capstone1/src/components/LogoutButton/index.js","statementMap":{},"fnMap":{},"branchMap":{},"s":{},"f":{},"b":{},"_coverageSchema":"43e27e138ebf9cfc5966b082cf9a028302ed4184","hash":"6f7786702c038863baca0cb7d20feb7336e5aa1c"}
,"/Users/edith.mejia/Documents/WZL/Apprenticeship/Projects/react-apprenticeship-capstone1/src/components/Private/Private.component.jsx": {"path":"/Users/edith.mejia/Documents/WZL/Apprenticeship/Projects/react-apprenticeship-capstone1/src/components/Private/Private.component.jsx","statementMap":{"0":{"start":{"line":8,"column":28},"end":{"line":8,"column":37}},"1":{"start":{"line":10,"column":2},"end":{"line":15,"column":4}},"2":{"start":{"line":13,"column":21},"end":{"line":13,"column":67}}},"fnMap":{"0":{"name":"Private","decl":{"start":{"line":7,"column":9},"end":{"line":7,"column":16}},"loc":{"start":{"line":7,"column":40},"end":{"line":16,"column":1}},"line":7},"1":{"name":"(anonymous_1)","decl":{"start":{"line":13,"column":14},"end":{"line":13,"column":15}},"loc":{"start":{"line":13,"column":21},"end":{"line":13,"column":67}},"line":13}},"branchMap":{"0":{"loc":{"start":{"line":13,"column":21},"end":{"line":13,"column":67}},"type":"cond-expr","locations":[{"start":{"line":13,"column":37},"end":{"line":13,"column":45}},{"start":{"line":13,"column":48},"end":{"line":13,"column":67}}],"line":13}},"s":{"0":0,"1":0,"2":0},"f":{"0":0,"1":0},"b":{"0":[0,0]},"hash":"b04d2214bcc136ba7f02ca509d3336cc0833833e"}
,"/Users/edith.mejia/Documents/WZL/Apprenticeship/Projects/react-apprenticeship-capstone1/src/components/Private/index.js": {"path":"/Users/edith.mejia/Documents/WZL/Apprenticeship/Projects/react-apprenticeship-capstone1/src/components/Private/index.js","statementMap":{},"fnMap":{},"branchMap":{},"s":{},"f":{},"b":{},"hash":"a16f0a11c7a621aa181e69e9b11953cc8a923406"}
,"/Users/edith.mejia/Documents/WZL/Apprenticeship/Projects/react-apprenticeship-capstone1/src/components/Searchbar/Searchbar.component.js": {"path":"/Users/edith.mejia/Documents/WZL/Apprenticeship/Projects/react-apprenticeship-capstone1/src/components/Searchbar/Searchbar.component.js","statementMap":{"0":{"start":{"line":10,"column":18},"end":{"line":36,"column":1}},"1":{"start":{"line":11,"column":26},"end":{"line":11,"column":44}},"2":{"start":{"line":13,"column":38},"end":{"line":13,"column":50}},"3":{"start":{"line":14,"column":29},"end":{"line":21,"column":3}},"4":{"start":{"line":15,"column":4},"end":{"line":19,"column":5}},"5":{"start":{"line":16,"column":6},"end":{"line":16,"column":52}},"6":{"start":{"line":18,"column":6},"end":{"line":18,"column":30}},"7":{"start":{"line":20,"column":4},"end":{"line":20,"column":23}},"8":{"start":{"line":23,"column":2},"end":{"line":35,"column":4}},"9":{"start":{"line":29,"column":25},"end":{"line":29,"column":54}}},"fnMap":{"0":{"name":"(anonymous_0)","decl":{"start":{"line":10,"column":18},"end":{"line":10,"column":19}},"loc":{"start":{"line":10,"column":24},"end":{"line":36,"column":1}},"line":10},"1":{"name":"(anonymous_1)","decl":{"start":{"line":14,"column":29},"end":{"line":14,"column":30}},"loc":{"start":{"line":14,"column":36},"end":{"line":21,"column":3}},"line":14},"2":{"name":"(anonymous_2)","decl":{"start":{"line":29,"column":18},"end":{"line":29,"column":19}},"loc":{"start":{"line":29,"column":25},"end":{"line":29,"column":54}},"line":29}},"branchMap":{"0":{"loc":{"start":{"line":15,"column":4},"end":{"line":19,"column":5}},"type":"if","locations":[{"start":{"line":15,"column":4},"end":{"line":19,"column":5}},{"start":{"line":15,"column":4},"end":{"line":19,"column":5}}],"line":15}},"s":{"0":2,"1":2,"2":2,"3":2,"4":0,"5":0,"6":0,"7":0,"8":2,"9":0},"f":{"0":2,"1":0,"2":0},"b":{"0":[0,0]},"_coverageSchema":"43e27e138ebf9cfc5966b082cf9a028302ed4184","hash":"e4d1a68e4b9a5d4619a52727d65c9dabe1838de1"}
,"/Users/edith.mejia/Documents/WZL/Apprenticeship/Projects/react-apprenticeship-capstone1/src/components/Searchbar/Searchbar.styles.js": {"path":"/Users/edith.mejia/Documents/WZL/Apprenticeship/Projects/react-apprenticeship-capstone1/src/components/Searchbar/Searchbar.styles.js","statementMap":{"0":{"start":{"line":3,"column":30},"end":{"line":15,"column":1}},"1":{"start":{"line":17,"column":31},"end":{"line":26,"column":1}},"2":{"start":{"line":28,"column":29},"end":{"line":36,"column":1}}},"fnMap":{},"branchMap":{},"s":{"0":2,"1":2,"2":2},"f":{},"b":{},"_coverageSchema":"43e27e138ebf9cfc5966b082cf9a028302ed4184","hash":"c2464500be0a01586fec1256c790a02557f69fbc"}
,"/Users/edith.mejia/Documents/WZL/Apprenticeship/Projects/react-apprenticeship-capstone1/src/components/Searchbar/index.js": {"path":"/Users/edith.mejia/Documents/WZL/Apprenticeship/Projects/react-apprenticeship-capstone1/src/components/Searchbar/index.js","statementMap":{},"fnMap":{},"branchMap":{},"s":{},"f":{},"b":{},"_coverageSchema":"43e27e138ebf9cfc5966b082cf9a028302ed4184","hash":"fc84b31a13ff7eb252f7922369985e53c0731749"}
,"/Users/edith.mejia/Documents/WZL/Apprenticeship/Projects/react-apprenticeship-capstone1/src/components/VideoCard/VideoCard.component.js": {"path":"/Users/edith.mejia/Documents/WZL/Apprenticeship/Projects/react-apprenticeship-capstone1/src/components/VideoCard/VideoCard.component.js","statementMap":{"0":{"start":{"line":7,"column":23},"end":{"line":9,"column":1}},"1":{"start":{"line":10,"column":28},"end":{"line":16,"column":1}},"2":{"start":{"line":18,"column":18},"end":{"line":34,"column":1}},"3":{"start":{"line":19,"column":32},"end":{"line":19,"column":50}},"4":{"start":{"line":20,"column":2},"end":{"line":33,"column":4}},"5":{"start":{"line":29,"column":25},"end":{"line":29,"column":48}}},"fnMap":{"0":{"name":"(anonymous_0)","decl":{"start":{"line":18,"column":18},"end":{"line":18,"column":19}},"loc":{"start":{"line":18,"column":28},"end":{"line":34,"column":1}},"line":18},"1":{"name":"(anonymous_1)","decl":{"start":{"line":29,"column":19},"end":{"line":29,"column":20}},"loc":{"start":{"line":29,"column":25},"end":{"line":29,"column":48}},"line":29}},"branchMap":{},"s":{"0":1,"1":1,"2":1,"3":24,"4":24,"5":0},"f":{"0":24,"1":0},"b":{},"_coverageSchema":"43e27e138ebf9cfc5966b082cf9a028302ed4184","hash":"74733e90e68a76957c6ce7772aba10437d8083f5"}
,"/Users/edith.mejia/Documents/WZL/Apprenticeship/Projects/react-apprenticeship-capstone1/src/components/VideoCard/VideoCard.styles.js": {"path":"/Users/edith.mejia/Documents/WZL/Apprenticeship/Projects/react-apprenticeship-capstone1/src/components/VideoCard/VideoCard.styles.js","statementMap":{"0":{"start":{"line":7,"column":22},"end":{"line":15,"column":1}},"1":{"start":{"line":17,"column":20},"end":{"line":21,"column":1}},"2":{"start":{"line":23,"column":14},"end":{"line":29,"column":1}},"3":{"start":{"line":30,"column":13},"end":{"line":37,"column":1}},"4":{"start":{"line":38,"column":20},"end":{"line":44,"column":1}},"5":{"start":{"line":45,"column":15},"end":{"line":58,"column":1}},"6":{"start":{"line":59,"column":13},"end":{"line":76,"column":1}},"7":{"start":{"line":60,"column":30},"end":{"line":60,"column":40}},"8":{"start":{"line":61,"column":2},"end":{"line":75,"column":4}}},"fnMap":{"0":{"name":"(anonymous_0)","decl":{"start":{"line":59,"column":13},"end":{"line":59,"column":14}},"loc":{"start":{"line":59,"column":62},"end":{"line":76,"column":1}},"line":59}},"branchMap":{"0":{"loc":{"start":{"line":68,"column":9},"end":{"line":72,"column":9}},"type":"binary-expr","locations":[{"start":{"line":68,"column":9},"end":{"line":68,"column":24}},{"start":{"line":69,"column":10},"end":{"line":71,"column":19}}],"line":68}},"s":{"0":1,"1":1,"2":1,"3":1,"4":1,"5":1,"6":1,"7":24,"8":24},"f":{"0":24},"b":{"0":[24,0]},"_coverageSchema":"43e27e138ebf9cfc5966b082cf9a028302ed4184","hash":"01d75a0e4a0b3a3b065925ee4e3fa5fa32b54609"}
,"/Users/edith.mejia/Documents/WZL/Apprenticeship/Projects/react-apprenticeship-capstone1/src/components/VideoCard/index.js": {"path":"/Users/edith.mejia/Documents/WZL/Apprenticeship/Projects/react-apprenticeship-capstone1/src/components/VideoCard/index.js","statementMap":{},"fnMap":{},"branchMap":{},"s":{},"f":{},"b":{},"hash":"a5220100fe3d66ea02b848cf816d570b5de83f2e"}
,"/Users/edith.mejia/Documents/WZL/Apprenticeship/Projects/react-apprenticeship-capstone1/src/components/VideoDetail/VideoDetail.component.js": {"path":"/Users/edith.mejia/Documents/WZL/Apprenticeship/Projects/react-apprenticeship-capstone1/src/components/VideoDetail/VideoDetail.component.js","statementMap":{"0":{"start":{"line":13,"column":20},"end":{"line":45,"column":1}},"1":{"start":{"line":14,"column":21},"end":{"line":14,"column":39}},"2":{"start":{"line":15,"column":17},"end":{"line":15,"column":28}},"3":{"start":{"line":16,"column":25},"end":{"line":16,"column":70}},"4":{"start":{"line":16,"column":47},"end":{"line":16,"column":69}},"5":{"start":{"line":17,"column":18},"end":{"line":19,"column":3}},"6":{"start":{"line":18,"column":14},"end":{"line":18,"column":59}},"7":{"start":{"line":21,"column":2},"end":{"line":21,"column":43}},"8":{"start":{"line":22,"column":2},"end":{"line":22,"column":36}},"9":{"start":{"line":22,"column":15},"end":{"line":22,"column":36}},"10":{"start":{"line":24,"column":19},"end":{"line":24,"column":79}},"11":{"start":{"line":26,"column":2},"end":{"line":44,"column":4}},"12":{"start":{"line":40,"column":10},"end":{"line":40,"column":55}}},"fnMap":{"0":{"name":"(anonymous_0)","decl":{"start":{"line":13,"column":20},"end":{"line":13,"column":21}},"loc":{"start":{"line":13,"column":26},"end":{"line":45,"column":1}},"line":13},"1":{"name":"(anonymous_1)","decl":{"start":{"line":16,"column":37},"end":{"line":16,"column":38}},"loc":{"start":{"line":16,"column":47},"end":{"line":16,"column":69}},"line":16},"2":{"name":"(anonymous_2)","decl":{"start":{"line":18,"column":4},"end":{"line":18,"column":5}},"loc":{"start":{"line":18,"column":14},"end":{"line":18,"column":59}},"line":18},"3":{"name":"(anonymous_3)","decl":{"start":{"line":39,"column":21},"end":{"line":39,"column":22}},"loc":{"start":{"line":40,"column":10},"end":{"line":40,"column":55}},"line":40}},"branchMap":{"0":{"loc":{"start":{"line":22,"column":2},"end":{"line":22,"column":36}},"type":"if","locations":[{"start":{"line":22,"column":2},"end":{"line":22,"column":36}},{"start":{"line":22,"column":2},"end":{"line":22,"column":36}}],"line":22}},"s":{"0":0,"1":0,"2":0,"3":0,"4":0,"5":0,"6":0,"7":0,"8":0,"9":0,"10":0,"11":0,"12":0},"f":{"0":0,"1":0,"2":0,"3":0},"b":{"0":[0,0]},"hash":"3bca7071b9e732c45329914c4a310ec5ad524db8"}
,"/Users/edith.mejia/Documents/WZL/Apprenticeship/Projects/react-apprenticeship-capstone1/src/components/VideoDetail/VideoDetail.styles.js": {"path":"/Users/edith.mejia/Documents/WZL/Apprenticeship/Projects/react-apprenticeship-capstone1/src/components/VideoDetail/VideoDetail.styles.js","statementMap":{"0":{"start":{"line":3,"column":29},"end":{"line":14,"column":1}},"1":{"start":{"line":16,"column":29},"end":{"line":23,"column":1}},"2":{"start":{"line":25,"column":27},"end":{"line":28,"column":1}},"3":{"start":{"line":30,"column":25},"end":{"line":32,"column":1}},"4":{"start":{"line":34,"column":29},"end":{"line":42,"column":1}}},"fnMap":{},"branchMap":{},"s":{"0":0,"1":0,"2":0,"3":0,"4":0},"f":{},"b":{},"hash":"0cb6c6836cbd82565df0ba03e3cfc3a34d543cd4"}
,"/Users/edith.mejia/Documents/WZL/Apprenticeship/Projects/react-apprenticeship-capstone1/src/components/VideoDetail/index.js": {"path":"/Users/edith.mejia/Documents/WZL/Apprenticeship/Projects/react-apprenticeship-capstone1/src/components/VideoDetail/index.js","statementMap":{},"fnMap":{},"branchMap":{},"s":{},"f":{},"b":{},"hash":"1d334ee1fd4341fd9039d1ebc6e15de2f1001938"}
,"/Users/edith.mejia/Documents/WZL/Apprenticeship/Projects/react-apprenticeship-capstone1/src/components/VideoList/VideoList.component.js": {"path":"/Users/edith.mejia/Documents/WZL/Apprenticeship/Projects/react-apprenticeship-capstone1/src/components/VideoList/VideoList.component.js","statementMap":{"0":{"start":{"line":6,"column":18},"end":{"line":35,"column":1}},"1":{"start":{"line":8,"column":4},"end":{"line":8,"column":22}},"2":{"start":{"line":10,"column":2},"end":{"line":13,"column":11}},"3":{"start":{"line":11,"column":4},"end":{"line":11,"column":28}},"4":{"start":{"line":14,"column":2},"end":{"line":16,"column":3}},"5":{"start":{"line":15,"column":4},"end":{"line":15,"column":16}},"6":{"start":{"line":18,"column":2},"end":{"line":20,"column":3}},"7":{"start":{"line":19,"column":4},"end":{"line":19,"column":31}},"8":{"start":{"line":22,"column":2},"end":{"line":24,"column":3}},"9":{"start":{"line":23,"column":4},"end":{"line":23,"column":25}},"10":{"start":{"line":26,"column":2},"end":{"line":34,"column":4}},"11":{"start":{"line":31,"column":10},"end":{"line":31,"column":55}}},"fnMap":{"0":{"name":"(anonymous_0)","decl":{"start":{"line":6,"column":18},"end":{"line":6,"column":19}},"loc":{"start":{"line":6,"column":24},"end":{"line":35,"column":1}},"line":6},"1":{"name":"(anonymous_1)","decl":{"start":{"line":10,"column":12},"end":{"line":10,"column":13}},"loc":{"start":{"line":10,"column":18},"end":{"line":13,"column":5}},"line":10},"2":{"name":"(anonymous_2)","decl":{"start":{"line":30,"column":13},"end":{"line":30,"column":14}},"loc":{"start":{"line":31,"column":10},"end":{"line":31,"column":55}},"line":31}},"branchMap":{"0":{"loc":{"start":{"line":14,"column":2},"end":{"line":16,"column":3}},"type":"if","locations":[{"start":{"line":14,"column":2},"end":{"line":16,"column":3}},{"start":{"line":14,"column":2},"end":{"line":16,"column":3}}],"line":14},"1":{"loc":{"start":{"line":18,"column":2},"end":{"line":20,"column":3}},"type":"if","locations":[{"start":{"line":18,"column":2},"end":{"line":20,"column":3}},{"start":{"line":18,"column":2},"end":{"line":20,"column":3}}],"line":18},"2":{"loc":{"start":{"line":22,"column":2},"end":{"line":24,"column":3}},"type":"if","locations":[{"start":{"line":22,"column":2},"end":{"line":24,"column":3}},{"start":{"line":22,"column":2},"end":{"line":24,"column":3}}],"line":22}},"s":{"0":1,"1":2,"2":2,"3":1,"4":2,"5":0,"6":2,"7":0,"8":2,"9":0,"10":2,"11":24},"f":{"0":2,"1":1,"2":24},"b":{"0":[0,2],"1":[0,2],"2":[0,2]},"_coverageSchema":"43e27e138ebf9cfc5966b082cf9a028302ed4184","hash":"ad2420a5ecb91abff98d5eae39963b8aad4af704"}
,"/Users/edith.mejia/Documents/WZL/Apprenticeship/Projects/react-apprenticeship-capstone1/src/components/VideoList/VideoList.styles.js": {"path":"/Users/edith.mejia/Documents/WZL/Apprenticeship/Projects/react-apprenticeship-capstone1/src/components/VideoList/VideoList.styles.js","statementMap":{"0":{"start":{"line":3,"column":30},"end":{"line":12,"column":1}}},"fnMap":{},"branchMap":{},"s":{"0":1},"f":{},"b":{},"_coverageSchema":"43e27e138ebf9cfc5966b082cf9a028302ed4184","hash":"4fcce35577dfd449705f879f378d30691521e8b5"}
,"/Users/edith.mejia/Documents/WZL/Apprenticeship/Projects/react-apprenticeship-capstone1/src/components/VideoList/index.js": {"path":"/Users/edith.mejia/Documents/WZL/Apprenticeship/Projects/react-apprenticeship-capstone1/src/components/VideoList/index.js","statementMap":{},"fnMap":{},"branchMap":{},"s":{},"f":{},"b":{},"hash":"eea18c45f475b8984e9ce9bef4e04c4e6bcd2962"}
,"/Users/edith.mejia/Documents/WZL/Apprenticeship/Projects/react-apprenticeship-capstone1/src/context/GlobalContext.js": {"path":"/Users/edith.mejia/Documents/WZL/Apprenticeship/Projects/react-apprenticeship-capstone1/src/context/GlobalContext.js","statementMap":{"0":{"start":{"line":7,"column":21},"end":{"line":14,"column":1}},"1":{"start":{"line":16,"column":29},"end":{"line":16,"column":44}},"2":{"start":{"line":17,"column":30},"end":{"line":57,"column":1}},"3":{"start":{"line":18,"column":28},"end":{"line":18,"column":67}},"4":{"start":{"line":21,"column":22},"end":{"line":45,"column":3}},"5":{"start":{"line":22,"column":23},"end":{"line":22,"column":44}},"6":{"start":{"line":23,"column":4},"end":{"line":41,"column":5}},"7":{"start":{"line":24,"column":23},"end":{"line":32,"column":8}},"8":{"start":{"line":33,"column":20},"end":{"line":33,"column":39}},"9":{"start":{"line":35,"column":31},"end":{"line":37,"column":8}},"10":{"start":{"line":36,"column":8},"end":{"line":36,"column":49}},"11":{"start":{"line":38,"column":6},"end":{"line":38,"column":64}},"12":{"start":{"line":40,"column":6},"end":{"line":40,"column":13}},"13":{"start":{"line":42,"column":4},"end":{"line":44,"column":6}},"14":{"start":{"line":43,"column":6},"end":{"line":43,"column":25}},"15":{"start":{"line":47,"column":2},"end":{"line":56,"column":4}},"16":{"start":{"line":59,"column":32},"end":{"line":61,"column":1}},"17":{"start":{"line":60,"column":2},"end":{"line":60,"column":35}}},"fnMap":{"0":{"name":"(anonymous_0)","decl":{"start":{"line":17,"column":30},"end":{"line":17,"column":31}},"loc":{"start":{"line":17,"column":48},"end":{"line":57,"column":1}},"line":17},"1":{"name":"(anonymous_1)","decl":{"start":{"line":21,"column":22},"end":{"line":21,"column":23}},"loc":{"start":{"line":21,"column":44},"end":{"line":45,"column":3}},"line":21},"2":{"name":"(anonymous_2)","decl":{"start":{"line":35,"column":44},"end":{"line":35,"column":45}},"loc":{"start":{"line":35,"column":55},"end":{"line":37,"column":7}},"line":35},"3":{"name":"(anonymous_3)","decl":{"start":{"line":42,"column":11},"end":{"line":42,"column":12}},"loc":{"start":{"line":42,"column":17},"end":{"line":44,"column":5}},"line":42},"4":{"name":"(anonymous_4)","decl":{"start":{"line":59,"column":32},"end":{"line":59,"column":33}},"loc":{"start":{"line":59,"column":38},"end":{"line":61,"column":1}},"line":59}},"branchMap":{},"s":{"0":3,"1":3,"2":3,"3":4,"4":4,"5":1,"6":1,"7":1,"8":1,"9":1,"10":25,"11":1,"12":0,"13":1,"14":0,"15":4,"16":3,"17":28},"f":{"0":4,"1":1,"2":25,"3":0,"4":28},"b":{},"_coverageSchema":"43e27e138ebf9cfc5966b082cf9a028302ed4184","hash":"e2940e8916931ff5aca2e7fbd135658cc01f98f9"}
,"/Users/edith.mejia/Documents/WZL/Apprenticeship/Projects/react-apprenticeship-capstone1/src/pages/Detail/Detail.page.jsx": {"path":"/Users/edith.mejia/Documents/WZL/Apprenticeship/Projects/react-apprenticeship-capstone1/src/pages/Detail/Detail.page.jsx","statementMap":{"0":{"start":{"line":5,"column":19},"end":{"line":11,"column":1}},"1":{"start":{"line":6,"column":2},"end":{"line":10,"column":4}}},"fnMap":{"0":{"name":"(anonymous_0)","decl":{"start":{"line":5,"column":19},"end":{"line":5,"column":20}},"loc":{"start":{"line":5,"column":25},"end":{"line":11,"column":1}},"line":5}},"branchMap":{},"s":{"0":0,"1":0},"f":{"0":0},"b":{},"hash":"742dfd9d27bfed843984688086fb76602f8fc189"}
,"/Users/edith.mejia/Documents/WZL/Apprenticeship/Projects/react-apprenticeship-capstone1/src/pages/Detail/Detail.styles.js": {"path":"/Users/edith.mejia/Documents/WZL/Apprenticeship/Projects/react-apprenticeship-capstone1/src/pages/Detail/Detail.styles.js","statementMap":{"0":{"start":{"line":3,"column":22},"end":{"line":6,"column":1}}},"fnMap":{},"branchMap":{},"s":{"0":0},"f":{},"b":{},"hash":"4d11a2f17e7fd104f2dfda5e4ca8ffd125c5ccc9"}
,"/Users/edith.mejia/Documents/WZL/Apprenticeship/Projects/react-apprenticeship-capstone1/src/pages/Detail/index.js": {"path":"/Users/edith.mejia/Documents/WZL/Apprenticeship/Projects/react-apprenticeship-capstone1/src/pages/Detail/index.js","statementMap":{},"fnMap":{},"branchMap":{},"s":{},"f":{},"b":{},"hash":"e0e67a7e9bef82480bdbaa0e233e8cd373fb8a05"}
,"/Users/edith.mejia/Documents/WZL/Apprenticeship/Projects/react-apprenticeship-capstone1/src/pages/Home/Home.page.jsx": {"path":"/Users/edith.mejia/Documents/WZL/Apprenticeship/Projects/react-apprenticeship-capstone1/src/pages/Home/Home.page.jsx","statementMap":{"0":{"start":{"line":5,"column":17},"end":{"line":12,"column":1}},"1":{"start":{"line":6,"column":2},"end":{"line":11,"column":4}}},"fnMap":{"0":{"name":"(anonymous_0)","decl":{"start":{"line":5,"column":17},"end":{"line":5,"column":18}},"loc":{"start":{"line":5,"column":23},"end":{"line":12,"column":1}},"line":5}},"branchMap":{},"s":{"0":0,"1":0},"f":{"0":0},"b":{},"hash":"d8ca1fe2cb2a91d3612c45d09f7b135633989d36"}
,"/Users/edith.mejia/Documents/WZL/Apprenticeship/Projects/react-apprenticeship-capstone1/src/pages/Home/Home.styles.js": {"path":"/Users/edith.mejia/Documents/WZL/Apprenticeship/Projects/react-apprenticeship-capstone1/src/pages/Home/Home.styles.js","statementMap":{"0":{"start":{"line":3,"column":24},"end":{"line":6,"column":1}},"1":{"start":{"line":8,"column":21},"end":{"line":11,"column":1}}},"fnMap":{},"branchMap":{},"s":{"0":0,"1":0},"f":{},"b":{},"hash":"9c7b4bc64fc4cfe724cead876a0ee8d52763d5e7"}
,"/Users/edith.mejia/Documents/WZL/Apprenticeship/Projects/react-apprenticeship-capstone1/src/pages/Home/index.js": {"path":"/Users/edith.mejia/Documents/WZL/Apprenticeship/Projects/react-apprenticeship-capstone1/src/pages/Home/index.js","statementMap":{},"fnMap":{},"branchMap":{},"s":{},"f":{},"b":{},"hash":"e9358b5ed8a8e65b4fafe607f1d920cea332f860"}
,"/Users/edith.mejia/Documents/WZL/Apprenticeship/Projects/react-apprenticeship-capstone1/src/pages/Login/Login.page.jsx": {"path":"/Users/edith.mejia/Documents/WZL/Apprenticeship/Projects/react-apprenticeship-capstone1/src/pages/Login/Login.page.jsx","statementMap":{"0":{"start":{"line":8,"column":20},"end":{"line":8,"column":29}},"1":{"start":{"line":9,"column":18},"end":{"line":9,"column":30}},"2":{"start":{"line":12,"column":4},"end":{"line":12,"column":27}},"3":{"start":{"line":13,"column":4},"end":{"line":13,"column":12}},"4":{"start":{"line":14,"column":4},"end":{"line":14,"column":28}},"5":{"start":{"line":17,"column":2},"end":{"line":36,"column":4}}},"fnMap":{"0":{"name":"LoginPage","decl":{"start":{"line":7,"column":9},"end":{"line":7,"column":18}},"loc":{"start":{"line":7,"column":21},"end":{"line":37,"column":1}},"line":7},"1":{"name":"authenticate","decl":{"start":{"line":11,"column":11},"end":{"line":11,"column":23}},"loc":{"start":{"line":11,"column":31},"end":{"line":15,"column":3}},"line":11}},"branchMap":{},"s":{"0":0,"1":0,"2":0,"3":0,"4":0,"5":0},"f":{"0":0,"1":0},"b":{},"hash":"54d0c373564e026926fca5d912f6d1c84e831c8c"}
,"/Users/edith.mejia/Documents/WZL/Apprenticeship/Projects/react-apprenticeship-capstone1/src/pages/Login/index.js": {"path":"/Users/edith.mejia/Documents/WZL/Apprenticeship/Projects/react-apprenticeship-capstone1/src/pages/Login/index.js","statementMap":{},"fnMap":{},"branchMap":{},"s":{},"f":{},"b":{},"hash":"4c595b5d3aaa57d02b3b632fc0141d44801cc0fe"}
,"/Users/edith.mejia/Documents/WZL/Apprenticeship/Projects/react-apprenticeship-capstone1/src/pages/NotFound/NotFound.page.jsx": {"path":"/Users/edith.mejia/Documents/WZL/Apprenticeship/Projects/react-apprenticeship-capstone1/src/pages/NotFound/NotFound.page.jsx","statementMap":{"0":{"start":{"line":7,"column":2},"end":{"line":14,"column":4}}},"fnMap":{"0":{"name":"NotFoundPage","decl":{"start":{"line":6,"column":9},"end":{"line":6,"column":21}},"loc":{"start":{"line":6,"column":24},"end":{"line":15,"column":1}},"line":6}},"branchMap":{},"s":{"0":0},"f":{"0":0},"b":{},"hash":"310bf4381c2a9cce84d0794353ddd007f6f72abd"}
,"/Users/edith.mejia/Documents/WZL/Apprenticeship/Projects/react-apprenticeship-capstone1/src/pages/NotFound/index.js": {"path":"/Users/edith.mejia/Documents/WZL/Apprenticeship/Projects/react-apprenticeship-capstone1/src/pages/NotFound/index.js","statementMap":{},"fnMap":{},"branchMap":{},"s":{},"f":{},"b":{},"hash":"e3138d0678afa9fac9599261e62680ff79cc79c0"}
,"/Users/edith.mejia/Documents/WZL/Apprenticeship/Projects/react-apprenticeship-capstone1/src/pages/Secret/Secret.page.jsx": {"path":"/Users/edith.mejia/Documents/WZL/Apprenticeship/Projects/react-apprenticeship-capstone1/src/pages/Secret/Secret.page.jsx","statementMap":{"0":{"start":{"line":5,"column":2},"end":{"line":21,"column":4}}},"fnMap":{"0":{"name":"SecretPage","decl":{"start":{"line":4,"column":9},"end":{"line":4,"column":19}},"loc":{"start":{"line":4,"column":22},"end":{"line":22,"column":1}},"line":4}},"branchMap":{},"s":{"0":0},"f":{"0":0},"b":{},"hash":"ddb698c8f9033be70314f4a2196611c957f6b0c0"}
,"/Users/edith.mejia/Documents/WZL/Apprenticeship/Projects/react-apprenticeship-capstone1/src/pages/Secret/index.js": {"path":"/Users/edith.mejia/Documents/WZL/Apprenticeship/Projects/react-apprenticeship-capstone1/src/pages/Secret/index.js","statementMap":{},"fnMap":{},"branchMap":{},"s":{},"f":{},"b":{},"hash":"d1d551f16b5fec7ee60cfa620d1d2a2a493bc0e4"}
,"/Users/edith.mejia/Documents/WZL/Apprenticeship/Projects/react-apprenticeship-capstone1/src/reducers/globalReducer.js": {"path":"/Users/edith.mejia/Documents/WZL/Apprenticeship/Projects/react-apprenticeship-capstone1/src/reducers/globalReducer.js","statementMap":{"0":{"start":{"line":7,"column":22},"end":{"line":27,"column":1}},"1":{"start":{"line":8,"column":2},"end":{"line":26,"column":3}},"2":{"start":{"line":10,"column":6},"end":{"line":13,"column":8}},"3":{"start":{"line":15,"column":6},"end":{"line":18,"column":8}},"4":{"start":{"line":20,"column":6},"end":{"line":23,"column":8}},"5":{"start":{"line":25,"column":6},"end":{"line":25,"column":19}}},"fnMap":{"0":{"name":"(anonymous_0)","decl":{"start":{"line":7,"column":22},"end":{"line":7,"column":23}},"loc":{"start":{"line":7,"column":41},"end":{"line":27,"column":1}},"line":7}},"branchMap":{"0":{"loc":{"start":{"line":8,"column":2},"end":{"line":26,"column":3}},"type":"switch","locations":[{"start":{"line":9,"column":4},"end":{"line":13,"column":8}},{"start":{"line":14,"column":4},"end":{"line":18,"column":8}},{"start":{"line":19,"column":4},"end":{"line":23,"column":8}},{"start":{"line":24,"column":4},"end":{"line":25,"column":19}}],"line":8}},"s":{"0":3,"1":1,"2":1,"3":0,"4":0,"5":0},"f":{"0":1},"b":{"0":[1,0,0,0]},"_coverageSchema":"43e27e138ebf9cfc5966b082cf9a028302ed4184","hash":"27c926391c2112b590e0f8c7178fe99fdfbaa822"}
,"/Users/edith.mejia/Documents/WZL/Apprenticeship/Projects/react-apprenticeship-capstone1/src/utils/actions.js": {"path":"/Users/edith.mejia/Documents/WZL/Apprenticeship/Projects/react-apprenticeship-capstone1/src/utils/actions.js","statementMap":{"0":{"start":{"line":1,"column":26},"end":{"line":1,"column":38}},"1":{"start":{"line":2,"column":32},"end":{"line":2,"column":50}},"2":{"start":{"line":3,"column":34},"end":{"line":3,"column":54}}},"fnMap":{},"branchMap":{},"s":{"0":3,"1":3,"2":3},"f":{},"b":{},"_coverageSchema":"43e27e138ebf9cfc5966b082cf9a028302ed4184","hash":"456c48cea06d7ba967ad46d63585e98db7e54c9b"}
,"/Users/edith.mejia/Documents/WZL/Apprenticeship/Projects/react-apprenticeship-capstone1/src/utils/constants.js": {"path":"/Users/edith.mejia/Documents/WZL/Apprenticeship/Projects/react-apprenticeship-capstone1/src/utils/constants.js","statementMap":{"0":{"start":{"line":1,"column":25},"end":{"line":1,"column":48}},"1":{"start":{"line":2,"column":20},"end":{"line":2,"column":66}}},"fnMap":{},"branchMap":{},"s":{"0":3,"1":3},"f":{},"b":{},"_coverageSchema":"43e27e138ebf9cfc5966b082cf9a028302ed4184","hash":"82596ae53c772097b00aefa801c7f93f1c617d8b"}
,"/Users/edith.mejia/Documents/WZL/Apprenticeship/Projects/react-apprenticeship-capstone1/src/utils/fns.js": {"path":"/Users/edith.mejia/Documents/WZL/Apprenticeship/Projects/react-apprenticeship-capstone1/src/utils/fns.js","statementMap":{"0":{"start":{"line":2,"column":2},"end":{"line":2,"column":43}},"1":{"start":{"line":6,"column":2},"end":{"line":10,"column":3}},"2":{"start":{"line":7,"column":4},"end":{"line":7,"column":39}},"3":{"start":{"line":9,"column":4},"end":{"line":9,"column":15}}},"fnMap":{"0":{"name":"random","decl":{"start":{"line":1,"column":9},"end":{"line":1,"column":15}},"loc":{"start":{"line":1,"column":23},"end":{"line":3,"column":1}},"line":1},"1":{"name":"truncateString","decl":{"start":{"line":5,"column":9},"end":{"line":5,"column":23}},"loc":{"start":{"line":5,"column":32},"end":{"line":11,"column":1}},"line":5}},"branchMap":{"0":{"loc":{"start":{"line":6,"column":2},"end":{"line":10,"column":3}},"type":"if","locations":[{"start":{"line":6,"column":2},"end":{"line":10,"column":3}},{"start":{"line":6,"column":2},"end":{"line":10,"column":3}}],"line":6}},"s":{"0":0,"1":24,"2":20,"3":4},"f":{"0":0,"1":24},"b":{"0":[20,4]},"_coverageSchema":"43e27e138ebf9cfc5966b082cf9a028302ed4184","hash":"018b2a9e93134713ffcf3e4870f72650f844ad83"}
,"/Users/edith.mejia/Documents/WZL/Apprenticeship/Projects/react-apprenticeship-capstone1/src/utils/storage.js": {"path":"/Users/edith.mejia/Documents/WZL/Apprenticeship/Projects/react-apprenticeship-capstone1/src/utils/storage.js","statementMap":{"0":{"start":{"line":1,"column":16},"end":{"line":15,"column":1}},"1":{"start":{"line":3,"column":4},"end":{"line":9,"column":5}},"2":{"start":{"line":4,"column":23},"end":{"line":4,"column":55}},"3":{"start":{"line":5,"column":6},"end":{"line":5,"column":34}},"4":{"start":{"line":7,"column":6},"end":{"line":7,"column":60}},"5":{"start":{"line":8,"column":6},"end":{"line":8,"column":18}},"6":{"start":{"line":13,"column":4},"end":{"line":13,"column":60}}},"fnMap":{"0":{"name":"(anonymous_0)","decl":{"start":{"line":2,"column":2},"end":{"line":2,"column":3}},"loc":{"start":{"line":2,"column":11},"end":{"line":10,"column":3}},"line":2},"1":{"name":"(anonymous_1)","decl":{"start":{"line":12,"column":2},"end":{"line":12,"column":3}},"loc":{"start":{"line":12,"column":18},"end":{"line":14,"column":3}},"line":12}},"branchMap":{},"s":{"0":0,"1":0,"2":0,"3":0,"4":0,"5":0,"6":0},"f":{"0":0,"1":0},"b":{},"hash":"b3c1ce62557f1bb57c04f428382489ccd608b4e1"}
,"/Users/edith.mejia/Documents/WZL/Apprenticeship/Projects/react-apprenticeship-capstone1/src/utils/hooks/useFortune.js": {"path":"/Users/edith.mejia/Documents/WZL/Apprenticeship/Projects/react-apprenticeship-capstone1/src/utils/hooks/useFortune.js","statementMap":{"0":{"start":{"line":5,"column":16},"end":{"line":5,"column":76}},"1":{"start":{"line":8,"column":32},"end":{"line":8,"column":46}},"2":{"start":{"line":10,"column":2},"end":{"line":26,"column":9}},"3":{"start":{"line":12,"column":6},"end":{"line":22,"column":7}},"4":{"start":{"line":13,"column":25},"end":{"line":13,"column":45}},"5":{"start":{"line":14,"column":31},"end":{"line":14,"column":52}},"6":{"start":{"line":16,"column":28},"end":{"line":16,"column":57}},"7":{"start":{"line":17,"column":31},"end":{"line":17,"column":58}},"8":{"start":{"line":19,"column":8},"end":{"line":19,"column":43}},"9":{"start":{"line":21,"column":8},"end":{"line":21,"column":46}},"10":{"start":{"line":25,"column":4},"end":{"line":25,"column":20}},"11":{"start":{"line":28,"column":2},"end":{"line":28,"column":21}}},"fnMap":{"0":{"name":"useFortune","decl":{"start":{"line":7,"column":9},"end":{"line":7,"column":19}},"loc":{"start":{"line":7,"column":22},"end":{"line":29,"column":1}},"line":7},"1":{"name":"(anonymous_1)","decl":{"start":{"line":10,"column":12},"end":{"line":10,"column":13}},"loc":{"start":{"line":10,"column":18},"end":{"line":26,"column":3}},"line":10},"2":{"name":"findMyFortune","decl":{"start":{"line":11,"column":19},"end":{"line":11,"column":32}},"loc":{"start":{"line":11,"column":35},"end":{"line":23,"column":5}},"line":11}},"branchMap":{},"s":{"0":0,"1":0,"2":0,"3":0,"4":0,"5":0,"6":0,"7":0,"8":0,"9":0,"10":0,"11":0},"f":{"0":0,"1":0,"2":0},"b":{},"hash":"b5edea6e2b945792125475bf0a141606ede54b3e"}
,"/Users/edith.mejia/Documents/WZL/Apprenticeship/Projects/react-apprenticeship-capstone1/src/utils/hooks/useLocalStorage.js": {"path":"/Users/edith.mejia/Documents/WZL/Apprenticeship/Projects/react-apprenticeship-capstone1/src/utils/hooks/useLocalStorage.js","statementMap":{"0":{"start":{"line":4,"column":28},"end":{"line":11,"column":4}},"1":{"start":{"line":5,"column":4},"end":{"line":10,"column":5}},"2":{"start":{"line":6,"column":25},"end":{"line":6,"column":57}},"3":{"start":{"line":7,"column":6},"end":{"line":7,"column":64}},"4":{"start":{"line":9,"column":6},"end":{"line":9,"column":26}},"5":{"start":{"line":13,"column":2},"end":{"line":15,"column":19}},"6":{"start":{"line":14,"column":4},"end":{"line":14,"column":60}},"7":{"start":{"line":17,"column":2},"end":{"line":17,"column":27}}},"fnMap":{"0":{"name":"useLocalStorage","decl":{"start":{"line":3,"column":16},"end":{"line":3,"column":31}},"loc":{"start":{"line":3,"column":51},"end":{"line":18,"column":1}},"line":3},"1":{"name":"(anonymous_1)","decl":{"start":{"line":4,"column":37},"end":{"line":4,"column":38}},"loc":{"start":{"line":4,"column":43},"end":{"line":11,"column":3}},"line":4},"2":{"name":"(anonymous_2)","decl":{"start":{"line":13,"column":12},"end":{"line":13,"column":13}},"loc":{"start":{"line":13,"column":18},"end":{"line":15,"column":3}},"line":13}},"branchMap":{"0":{"loc":{"start":{"line":7,"column":13},"end":{"line":7,"column":63}},"type":"cond-expr","locations":[{"start":{"line":7,"column":26},"end":{"line":7,"column":48}},{"start":{"line":7,"column":51},"end":{"line":7,"column":63}}],"line":7}},"s":{"0":0,"1":0,"2":0,"3":0,"4":0,"5":0,"6":0,"7":0},"f":{"0":0,"1":0,"2":0},"b":{"0":[0,0]},"hash":"6fd15dc50c9c0a98788051a53e158c9c632e004f"}
}
