TN:
SF:/Users/edith.mejia/Documents/WZL/Apprenticeship/Projects/react-apprenticeship-capstone1/src/GlobalStyles.js
FN:53,(anonymous_0)
FN:54,(anonymous_1)
FN:55,(anonymous_2)
FN:56,(anonymous_3)
FN:57,(anonymous_4)
FN:63,(anonymous_5)
FN:72,(anonymous_6)
FN:75,(anonymous_7)
FN:76,(anonymous_8)
FN:81,(anonymous_9)
FN:85,(anonymous_10)
FN:86,(anonymous_11)
FN:99,(anonymous_12)
FN:100,(anonymous_13)
FN:101,(anonymous_14)
FNF:15
FNH:9
FNDA:2,(anonymous_0)
FNDA:2,(anonymous_1)
FNDA:2,(anonymous_2)
FNDA:2,(anonymous_3)
FNDA:2,(anonymous_4)
FNDA:2,(anonymous_5)
FNDA:2,(anonymous_6)
FNDA:2,(anonymous_7)
FNDA:2,(anonymous_8)
FNDA:0,(anonymous_9)
FNDA:0,(anonymous_10)
FNDA:0,(anonymous_11)
FNDA:0,(anonymous_12)
FNDA:0,(anonymous_13)
FNDA:0,(anonymous_14)
DA:3,1
DA:32,1
DA:52,1
DA:53,2
DA:54,2
DA:55,2
DA:56,2
DA:57,2
DA:63,2
DA:72,2
DA:75,2
DA:76,2
DA:80,1
DA:81,0
DA:85,0
DA:86,0
DA:99,0
DA:100,0
DA:101,0
LF:19
LH:13
BRDA:53,0,0,0
BRDA:53,0,1,2
BRDA:54,1,0,2
BRDA:54,1,1,0
BRDA:55,2,0,2
BRDA:55,2,1,0
BRDA:56,3,0,0
BRDA:56,3,1,2
BRDA:57,4,0,0
BRDA:57,4,1,2
BRDA:63,5,0,2
BRDA:63,5,1,0
BRDA:72,6,0,0
BRDA:72,6,1,2
BRDA:75,7,0,0
BRDA:75,7,1,2
BRDA:76,8,0,0
BRDA:76,8,1,2
BRDA:81,9,0,0
BRDA:81,9,1,0
BRDA:85,10,0,0
BRDA:85,10,1,0
BRDA:86,11,0,0
BRDA:86,11,1,0
BRDA:99,12,0,0
BRDA:99,12,1,0
BRDA:100,13,0,0
BRDA:100,13,1,0
BRDA:101,14,0,0
BRDA:101,14,1,0
BRF:30
BRH:9
end_of_record
TN:
SF:/Users/edith.mejia/Documents/WZL/Apprenticeship/Projects/react-apprenticeship-capstone1/src/index.js
FNF:0
FNH:0
DA:7,0
LF:1
LH:0
BRF:0
BRH:0
end_of_record
TN:
SF:/Users/edith.mejia/Documents/WZL/Apprenticeship/Projects/react-apprenticeship-capstone1/src/components/App/App.component.jsx
FN:11,(anonymous_0)
FNF:1
FNH:0
FNDA:0,(anonymous_0)
DA:11,0
DA:12,0
LF:2
LH:0
BRF:0
BRH:0
end_of_record
TN:
SF:/Users/edith.mejia/Documents/WZL/Apprenticeship/Projects/react-apprenticeship-capstone1/src/components/App/index.js
FNF:0
FNH:0
LF:0
LH:0
BRF:0
BRH:0
end_of_record
TN:
SF:/Users/edith.mejia/Documents/WZL/Apprenticeship/Projects/react-apprenticeship-capstone1/src/components/FavButton/FavButton.component.js
FN:4,(anonymous_0)
FNF:1
FNH:0
FNDA:0,(anonymous_0)
DA:4,1
DA:5,0
LF:2
LH:1
BRF:0
BRH:0
end_of_record
TN:
SF:/Users/edith.mejia/Documents/WZL/Apprenticeship/Projects/react-apprenticeship-capstone1/src/components/FavButton/FavButton.styles.js
FNF:0
FNH:0
LF:0
LH:0
BRF:0
BRH:0
end_of_record
TN:
SF:/Users/edith.mejia/Documents/WZL/Apprenticeship/Projects/react-apprenticeship-capstone1/src/components/FavButton/index.js
FNF:0
FNH:0
LF:0
LH:0
BRF:0
BRH:0
end_of_record
TN:
SF:/Users/edith.mejia/Documents/WZL/Apprenticeship/Projects/react-apprenticeship-capstone1/src/components/Layout/Navbar/Navbar.component.js
FN:20,(anonymous_0)
FN:29,(anonymous_1)
FNF:2
FNH:1
FNDA:1,(anonymous_0)
FNDA:0,(anonymous_1)
DA:20,1
DA:22,1
DA:25,1
DA:29,1
DA:31,1
LF:5
LH:5
BRDA:40,0,0,0
BRDA:40,0,1,1
BRDA:44,1,0,1
BRDA:44,1,1,0
BRDA:57,2,0,0
BRDA:57,2,1,1
BRF:6
BRH:3
end_of_record
TN:
SF:/Users/edith.mejia/Documents/WZL/Apprenticeship/Projects/react-apprenticeship-capstone1/src/components/Layout/Navbar/Navbar.styles.js
FN:78,(anonymous_0)
FNF:1
FNH:1
FNDA:1,(anonymous_0)
DA:7,1
DA:21,1
DA:29,1
DA:43,1
DA:52,1
DA:66,1
DA:78,1
DA:84,1
DA:96,1
DA:125,1
DA:136,1
LF:11
LH:11
BRDA:78,0,0,0
BRDA:78,0,1,1
BRF:2
BRH:1
end_of_record
TN:
SF:/Users/edith.mejia/Documents/WZL/Apprenticeship/Projects/react-apprenticeship-capstone1/src/components/Layout/Navbar/index.js
FNF:0
FNH:0
LF:0
LH:0
BRF:0
BRH:0
end_of_record
TN:
SF:/Users/edith.mejia/Documents/WZL/Apprenticeship/Projects/react-apprenticeship-capstone1/src/components/LoginButton/LoginButton.component.js
FN:6,(anonymous_0)
FN:10,(anonymous_1)
FNF:2
FNH:1
FNDA:1,(anonymous_0)
FNDA:0,(anonymous_1)
DA:6,1
DA:8,1
DA:9,1
DA:10,0
LF:4
LH:3
BRF:0
BRH:0
end_of_record
TN:
SF:/Users/edith.mejia/Documents/WZL/Apprenticeship/Projects/react-apprenticeship-capstone1/src/components/LoginButton/index.js
FNF:0
FNH:0
LF:0
LH:0
BRF:0
BRH:0
end_of_record
TN:
SF:/Users/edith.mejia/Documents/WZL/Apprenticeship/Projects/react-apprenticeship-capstone1/src/components/LogoutButton/LogoutButton.component.js
FN:6,(anonymous_0)
FN:10,(anonymous_1)
FNF:2
FNH:0
FNDA:0,(anonymous_0)
FNDA:0,(anonymous_1)
DA:6,1
DA:8,0
DA:9,0
DA:10,0
LF:4
LH:1
BRF:0
BRH:0
end_of_record
TN:
SF:/Users/edith.mejia/Documents/WZL/Apprenticeship/Projects/react-apprenticeship-capstone1/src/components/LogoutButton/index.js
FNF:0
FNH:0
LF:0
LH:0
BRF:0
BRH:0
end_of_record
TN:
SF:/Users/edith.mejia/Documents/WZL/Apprenticeship/Projects/react-apprenticeship-capstone1/src/components/Private/Private.component.jsx
FN:7,Private
FN:13,(anonymous_1)
FNF:2
FNH:0
FNDA:0,Private
FNDA:0,(anonymous_1)
DA:8,0
DA:10,0
DA:13,0
LF:3
LH:0
BRDA:13,0,0,0
BRDA:13,0,1,0
BRF:2
BRH:0
end_of_record
TN:
SF:/Users/edith.mejia/Documents/WZL/Apprenticeship/Projects/react-apprenticeship-capstone1/src/components/Private/index.js
FNF:0
FNH:0
LF:0
LH:0
BRF:0
BRH:0
end_of_record
TN:
SF:/Users/edith.mejia/Documents/WZL/Apprenticeship/Projects/react-apprenticeship-capstone1/src/components/Searchbar/Searchbar.component.js
FN:10,(anonymous_0)
FN:14,(anonymous_1)
FN:29,(anonymous_2)
FNF:3
FNH:1
FNDA:2,(anonymous_0)
FNDA:0,(anonymous_1)
FNDA:0,(anonymous_2)
DA:10,2
DA:11,2
DA:13,2
DA:14,2
DA:15,0
DA:16,0
DA:18,0
DA:20,0
DA:23,2
DA:29,0
LF:10
LH:5
BRDA:15,0,0,0
BRDA:15,0,1,0
BRF:2
BRH:0
end_of_record
TN:
SF:/Users/edith.mejia/Documents/WZL/Apprenticeship/Projects/react-apprenticeship-capstone1/src/components/Searchbar/Searchbar.styles.js
FNF:0
FNH:0
DA:3,2
DA:17,2
DA:28,2
LF:3
LH:3
BRF:0
BRH:0
end_of_record
TN:
SF:/Users/edith.mejia/Documents/WZL/Apprenticeship/Projects/react-apprenticeship-capstone1/src/components/Searchbar/index.js
FNF:0
FNH:0
LF:0
LH:0
BRF:0
BRH:0
end_of_record
TN:
SF:/Users/edith.mejia/Documents/WZL/Apprenticeship/Projects/react-apprenticeship-capstone1/src/components/VideoCard/VideoCard.component.js
FN:18,(anonymous_0)
FN:29,(anonymous_1)
FNF:2
FNH:1
FNDA:24,(anonymous_0)
FNDA:0,(anonymous_1)
DA:7,1
DA:10,1
DA:18,1
DA:19,24
DA:20,24
DA:29,0
LF:6
LH:5
BRF:0
BRH:0
end_of_record
TN:
SF:/Users/edith.mejia/Documents/WZL/Apprenticeship/Projects/react-apprenticeship-capstone1/src/components/VideoCard/VideoCard.styles.js
FN:59,(anonymous_0)
FNF:1
FNH:1
FNDA:24,(anonymous_0)
DA:7,1
DA:17,1
DA:23,1
DA:30,1
DA:38,1
DA:45,1
DA:59,1
DA:60,24
DA:61,24
LF:9
LH:9
BRDA:68,0,0,24
BRDA:68,0,1,0
BRF:2
BRH:1
end_of_record
TN:
SF:/Users/edith.mejia/Documents/WZL/Apprenticeship/Projects/react-apprenticeship-capstone1/src/components/VideoCard/index.js
FNF:0
FNH:0
LF:0
LH:0
BRF:0
BRH:0
end_of_record
TN:
SF:/Users/edith.mejia/Documents/WZL/Apprenticeship/Projects/react-apprenticeship-capstone1/src/components/VideoDetail/VideoDetail.component.js
FN:13,(anonymous_0)
FN:16,(anonymous_1)
FN:18,(anonymous_2)
FN:39,(anonymous_3)
FNF:4
FNH:0
FNDA:0,(anonymous_0)
FNDA:0,(anonymous_1)
FNDA:0,(anonymous_2)
FNDA:0,(anonymous_3)
DA:13,0
DA:14,0
DA:15,0
DA:16,0
DA:17,0
DA:18,0
DA:21,0
DA:22,0
DA:24,0
DA:26,0
DA:40,0
LF:11
LH:0
BRDA:22,0,0,0
BRDA:22,0,1,0
BRF:2
BRH:0
end_of_record
TN:
SF:/Users/edith.mejia/Documents/WZL/Apprenticeship/Projects/react-apprenticeship-capstone1/src/components/VideoDetail/VideoDetail.styles.js
FNF:0
FNH:0
DA:3,0
DA:16,0
DA:25,0
DA:30,0
DA:34,0
LF:5
LH:0
BRF:0
BRH:0
end_of_record
TN:
SF:/Users/edith.mejia/Documents/WZL/Apprenticeship/Projects/react-apprenticeship-capstone1/src/components/VideoDetail/index.js
FNF:0
FNH:0
LF:0
LH:0
BRF:0
BRH:0
end_of_record
TN:
SF:/Users/edith.mejia/Documents/WZL/Apprenticeship/Projects/react-apprenticeship-capstone1/src/components/VideoList/VideoList.component.js
FN:6,(anonymous_0)
FN:10,(anonymous_1)
FN:30,(anonymous_2)
FNF:3
FNH:3
FNDA:2,(anonymous_0)
FNDA:1,(anonymous_1)
FNDA:24,(anonymous_2)
DA:6,1
DA:8,2
DA:10,2
DA:11,1
DA:14,2
DA:15,0
DA:18,2
DA:19,0
DA:22,2
DA:23,0
DA:26,2
DA:31,24
LF:12
LH:9
BRDA:14,0,0,0
BRDA:14,0,1,2
BRDA:18,1,0,0
BRDA:18,1,1,2
BRDA:22,2,0,0
BRDA:22,2,1,2
BRF:6
BRH:3
end_of_record
TN:
SF:/Users/edith.mejia/Documents/WZL/Apprenticeship/Projects/react-apprenticeship-capstone1/src/components/VideoList/VideoList.styles.js
FNF:0
FNH:0
DA:3,1
LF:1
LH:1
BRF:0
BRH:0
end_of_record
TN:
SF:/Users/edith.mejia/Documents/WZL/Apprenticeship/Projects/react-apprenticeship-capstone1/src/components/VideoList/index.js
FNF:0
FNH:0
LF:0
LH:0
BRF:0
BRH:0
end_of_record
TN:
SF:/Users/edith.mejia/Documents/WZL/Apprenticeship/Projects/react-apprenticeship-capstone1/src/context/GlobalContext.js
FN:17,(anonymous_0)
FN:21,(anonymous_1)
FN:35,(anonymous_2)
FN:42,(anonymous_3)
FN:59,(anonymous_4)
FNF:5
FNH:4
FNDA:4,(anonymous_0)
FNDA:1,(anonymous_1)
FNDA:25,(anonymous_2)
FNDA:0,(anonymous_3)
FNDA:28,(anonymous_4)
DA:7,3
DA:16,3
DA:17,3
DA:18,4
DA:21,4
DA:22,1
DA:23,1
DA:24,1
DA:33,1
DA:35,1
DA:36,25
DA:38,1
DA:40,0
DA:42,1
DA:43,0
DA:47,4
DA:59,3
DA:60,28
LF:18
LH:16
BRF:0
BRH:0
end_of_record
TN:
SF:/Users/edith.mejia/Documents/WZL/Apprenticeship/Projects/react-apprenticeship-capstone1/src/pages/Detail/Detail.page.jsx
FN:5,(anonymous_0)
FNF:1
FNH:0
FNDA:0,(anonymous_0)
DA:5,0
DA:6,0
LF:2
LH:0
BRF:0
BRH:0
end_of_record
TN:
SF:/Users/edith.mejia/Documents/WZL/Apprenticeship/Projects/react-apprenticeship-capstone1/src/pages/Detail/Detail.styles.js
FNF:0
FNH:0
DA:3,0
LF:1
LH:0
BRF:0
BRH:0
end_of_record
TN:
SF:/Users/edith.mejia/Documents/WZL/Apprenticeship/Projects/react-apprenticeship-capstone1/src/pages/Detail/index.js
FNF:0
FNH:0
LF:0
LH:0
BRF:0
BRH:0
end_of_record
TN:
SF:/Users/edith.mejia/Documents/WZL/Apprenticeship/Projects/react-apprenticeship-capstone1/src/pages/Home/Home.page.jsx
FN:5,(anonymous_0)
FNF:1
FNH:0
FNDA:0,(anonymous_0)
DA:5,0
DA:6,0
LF:2
LH:0
BRF:0
BRH:0
end_of_record
TN:
SF:/Users/edith.mejia/Documents/WZL/Apprenticeship/Projects/react-apprenticeship-capstone1/src/pages/Home/Home.styles.js
FNF:0
FNH:0
DA:3,0
DA:8,0
LF:2
LH:0
BRF:0
BRH:0
end_of_record
TN:
SF:/Users/edith.mejia/Documents/WZL/Apprenticeship/Projects/react-apprenticeship-capstone1/src/pages/Home/index.js
FNF:0
FNH:0
LF:0
LH:0
BRF:0
BRH:0
end_of_record
TN:
SF:/Users/edith.mejia/Documents/WZL/Apprenticeship/Projects/react-apprenticeship-capstone1/src/pages/Login/Login.page.jsx
FN:7,LoginPage
FN:11,authenticate
FNF:2
FNH:0
FNDA:0,LoginPage
FNDA:0,authenticate
DA:8,0
DA:9,0
DA:12,0
DA:13,0
DA:14,0
DA:17,0
LF:6
LH:0
BRF:0
BRH:0
end_of_record
TN:
SF:/Users/edith.mejia/Documents/WZL/Apprenticeship/Projects/react-apprenticeship-capstone1/src/pages/Login/index.js
FNF:0
FNH:0
LF:0
LH:0
BRF:0
BRH:0
end_of_record
TN:
SF:/Users/edith.mejia/Documents/WZL/Apprenticeship/Projects/react-apprenticeship-capstone1/src/pages/NotFound/NotFound.page.jsx
FN:6,NotFoundPage
FNF:1
FNH:0
FNDA:0,NotFoundPage
DA:7,0
LF:1
LH:0
BRF:0
BRH:0
end_of_record
TN:
SF:/Users/edith.mejia/Documents/WZL/Apprenticeship/Projects/react-apprenticeship-capstone1/src/pages/NotFound/index.js
FNF:0
FNH:0
LF:0
LH:0
BRF:0
BRH:0
end_of_record
TN:
SF:/Users/edith.mejia/Documents/WZL/Apprenticeship/Projects/react-apprenticeship-capstone1/src/pages/Secret/Secret.page.jsx
FN:4,SecretPage
FNF:1
FNH:0
FNDA:0,SecretPage
DA:5,0
LF:1
LH:0
BRF:0
BRH:0
end_of_record
TN:
SF:/Users/edith.mejia/Documents/WZL/Apprenticeship/Projects/react-apprenticeship-capstone1/src/pages/Secret/index.js
FNF:0
FNH:0
LF:0
LH:0
BRF:0
BRH:0
end_of_record
TN:
SF:/Users/edith.mejia/Documents/WZL/Apprenticeship/Projects/react-apprenticeship-capstone1/src/reducers/globalReducer.js
FN:7,(anonymous_0)
FNF:1
FNH:1
FNDA:1,(anonymous_0)
DA:7,3
DA:8,1
DA:10,1
DA:15,0
DA:20,0
DA:25,0
LF:6
LH:3
BRDA:8,0,0,1
BRDA:8,0,1,0
BRDA:8,0,2,0
BRDA:8,0,3,0
BRF:4
BRH:1
end_of_record
TN:
SF:/Users/edith.mejia/Documents/WZL/Apprenticeship/Projects/react-apprenticeship-capstone1/src/utils/actions.js
FNF:0
FNH:0
DA:1,3
DA:2,3
DA:3,3
LF:3
LH:3
BRF:0
BRH:0
end_of_record
TN:
SF:/Users/edith.mejia/Documents/WZL/Apprenticeship/Projects/react-apprenticeship-capstone1/src/utils/constants.js
FNF:0
FNH:0
DA:1,3
DA:2,3
LF:2
LH:2
BRF:0
BRH:0
end_of_record
TN:
SF:/Users/edith.mejia/Documents/WZL/Apprenticeship/Projects/react-apprenticeship-capstone1/src/utils/fns.js
FN:1,random
FN:5,truncateString
FNF:2
FNH:1
FNDA:0,random
FNDA:24,truncateString
DA:2,0
DA:6,24
DA:7,20
DA:9,4
LF:4
LH:3
BRDA:6,0,0,20
BRDA:6,0,1,4
BRF:2
BRH:2
end_of_record
TN:
SF:/Users/edith.mejia/Documents/WZL/Apprenticeship/Projects/react-apprenticeship-capstone1/src/utils/storage.js
FN:2,(anonymous_0)
FN:12,(anonymous_1)
FNF:2
FNH:0
FNDA:0,(anonymous_0)
FNDA:0,(anonymous_1)
DA:1,0
DA:3,0
DA:4,0
DA:5,0
DA:7,0
DA:8,0
DA:13,0
LF:7
LH:0
BRF:0
BRH:0
end_of_record
TN:
SF:/Users/edith.mejia/Documents/WZL/Apprenticeship/Projects/react-apprenticeship-capstone1/src/utils/hooks/useFortune.js
FN:7,useFortune
FN:10,(anonymous_1)
FN:11,findMyFortune
FNF:3
FNH:0
FNDA:0,useFortune
FNDA:0,(anonymous_1)
FNDA:0,findMyFortune
DA:5,0
DA:8,0
DA:10,0
DA:12,0
DA:13,0
DA:14,0
DA:16,0
DA:17,0
DA:19,0
DA:21,0
DA:25,0
DA:28,0
LF:12
LH:0
BRF:0
BRH:0
end_of_record
TN:
SF:/Users/edith.mejia/Documents/WZL/Apprenticeship/Projects/react-apprenticeship-capstone1/src/utils/hooks/useLocalStorage.js
FN:3,useLocalStorage
FN:4,(anonymous_1)
FN:13,(anonymous_2)
FNF:3
FNH:0
FNDA:0,useLocalStorage
FNDA:0,(anonymous_1)
FNDA:0,(anonymous_2)
DA:4,0
DA:5,0
DA:6,0
DA:7,0
DA:9,0
DA:13,0
DA:14,0
DA:17,0
LF:8
LH:0
BRDA:7,0,0,0
BRDA:7,0,1,0
BRF:2
BRH:0
end_of_record
